1713018629.079012 client started (31133): version 3.4, socket /private/tmp/tmux-501/default, protocol 8
1713018629.079082 on Darwin 23.4.0 Darwin Kernel Version 23.4.0: Fri Mar 15 00:12:41 PDT 2024; root:xnu-10063.101.17~1/RELEASE_ARM64_T8103
1713018629.079102 using libevent 2.1.12-stable select
1713018629.079143 using utf8proc 2.9.0
1713018629.079155 using ncurses 6.4 20221231
1713018629.079181 flags are 0x10010000
1713018629.079191 socket is /private/tmp/tmux-501/default
1713018629.079207 trying connect
1713018629.079265 add peer 0x138048000: 6 (0x0)
1713018629.082171 sending message 100 to peer 0x138048000 (4 bytes)
1713018629.082190 sending message 111 to peer 0x138048000 (8 bytes)
1713018629.082206 sending message 101 to peer 0x138048000 (16 bytes)
1713018629.082216 sending message 109 to peer 0x138048000 (4 bytes)
1713018629.082226 sending message 102 to peer 0x138048000 (13 bytes)
1713018629.082235 sending message 108 to peer 0x138048000 (29 bytes)
1713018629.082244 sending message 112 to peer 0x138048000 (70 bytes)
1713018629.082253 sending message 112 to peer 0x138048000 (5 bytes)
1713018629.082262 sending message 112 to peer 0x138048000 (5 bytes)
1713018629.082272 sending message 112 to peer 0x138048000 (6 bytes)
1713018629.082281 sending message 112 to peer 0x138048000 (6 bytes)
1713018629.082290 sending message 112 to peer 0x138048000 (11 bytes)
1713018629.082299 sending message 112 to peer 0x138048000 (10 bytes)
1713018629.082309 sending message 112 to peer 0x138048000 (13 bytes)
1713018629.082320 sending message 112 to peer 0x138048000 (13 bytes)
1713018629.082328 sending message 112 to peer 0x138048000 (18 bytes)
1713018629.082337 sending message 112 to peer 0x138048000 (11 bytes)
1713018629.082346 sending message 112 to peer 0x138048000 (21 bytes)
1713018629.082355 sending message 112 to peer 0x138048000 (13 bytes)
1713018629.082364 sending message 112 to peer 0x138048000 (7 bytes)
1713018629.082372 sending message 112 to peer 0x138048000 (13 bytes)
1713018629.082381 sending message 112 to peer 0x138048000 (7 bytes)
1713018629.082390 sending message 112 to peer 0x138048000 (13 bytes)
1713018629.082399 sending message 112 to peer 0x138048000 (9 bytes)
1713018629.082408 sending message 112 to peer 0x138048000 (21 bytes)
1713018629.082422 sending message 112 to peer 0x138048000 (13 bytes)
1713018629.082432 sending message 112 to peer 0x138048000 (8 bytes)
1713018629.082441 sending message 112 to peer 0x138048000 (12 bytes)
1713018629.082450 sending message 112 to peer 0x138048000 (13 bytes)
1713018629.082458 sending message 112 to peer 0x138048000 (9 bytes)
1713018629.082467 sending message 112 to peer 0x138048000 (9 bytes)
1713018629.082476 sending message 112 to peer 0x138048000 (12 bytes)
1713018629.082484 sending message 112 to peer 0x138048000 (8 bytes)
1713018629.082494 sending message 112 to peer 0x138048000 (7 bytes)
1713018629.082504 sending message 112 to peer 0x138048000 (7 bytes)
1713018629.082514 sending message 112 to peer 0x138048000 (9 bytes)
1713018629.082523 sending message 112 to peer 0x138048000 (13 bytes)
1713018629.082532 sending message 112 to peer 0x138048000 (9 bytes)
1713018629.082540 sending message 112 to peer 0x138048000 (15 bytes)
1713018629.082549 sending message 112 to peer 0x138048000 (13 bytes)
1713018629.082558 sending message 112 to peer 0x138048000 (12 bytes)
1713018629.082567 sending message 112 to peer 0x138048000 (8 bytes)
1713018629.082576 sending message 112 to peer 0x138048000 (14 bytes)
1713018629.082585 sending message 112 to peer 0x138048000 (9 bytes)
1713018629.082596 sending message 112 to peer 0x138048000 (10 bytes)
1713018629.082605 sending message 112 to peer 0x138048000 (10 bytes)
1713018629.082614 sending message 112 to peer 0x138048000 (10 bytes)
1713018629.082623 sending message 112 to peer 0x138048000 (10 bytes)
1713018629.082631 sending message 112 to peer 0x138048000 (11 bytes)
1713018629.082640 sending message 112 to peer 0x138048000 (10 bytes)
1713018629.082649 sending message 112 to peer 0x138048000 (8 bytes)
1713018629.082658 sending message 112 to peer 0x138048000 (11 bytes)
1713018629.082694 sending message 112 to peer 0x138048000 (11 bytes)
1713018629.082703 sending message 112 to peer 0x138048000 (11 bytes)
1713018629.082711 sending message 112 to peer 0x138048000 (8 bytes)
1713018629.082718 sending message 112 to peer 0x138048000 (8 bytes)
1713018629.082725 sending message 112 to peer 0x138048000 (8 bytes)
1713018629.082733 sending message 112 to peer 0x138048000 (10 bytes)
1713018629.082741 sending message 112 to peer 0x138048000 (10 bytes)
1713018629.082748 sending message 112 to peer 0x138048000 (10 bytes)
1713018629.082754 sending message 112 to peer 0x138048000 (10 bytes)
1713018629.082761 sending message 112 to peer 0x138048000 (10 bytes)
1713018629.082767 sending message 112 to peer 0x138048000 (11 bytes)
1713018629.082774 sending message 112 to peer 0x138048000 (11 bytes)
1713018629.082781 sending message 112 to peer 0x138048000 (10 bytes)
1713018629.082789 sending message 112 to peer 0x138048000 (9 bytes)
1713018629.082798 sending message 112 to peer 0x138048000 (9 bytes)
1713018629.082804 sending message 112 to peer 0x138048000 (12 bytes)
1713018629.082810 sending message 112 to peer 0x138048000 (9 bytes)
1713018629.082817 sending message 112 to peer 0x138048000 (6 bytes)
1713018629.082824 sending message 112 to peer 0x138048000 (13 bytes)
1713018629.082830 sending message 112 to peer 0x138048000 (8 bytes)
1713018629.082836 sending message 112 to peer 0x138048000 (15 bytes)
1713018629.082842 sending message 112 to peer 0x138048000 (13 bytes)
1713018629.082849 sending message 112 to peer 0x138048000 (70 bytes)
1713018629.082855 sending message 112 to peer 0x138048000 (69 bytes)
1713018629.082861 sending message 112 to peer 0x138048000 (10 bytes)
1713018629.082867 sending message 112 to peer 0x138048000 (8 bytes)
1713018629.082874 sending message 112 to peer 0x138048000 (15 bytes)
1713018629.082880 sending message 112 to peer 0x138048000 (13 bytes)
1713018629.082886 sending message 112 to peer 0x138048000 (10 bytes)
1713018629.082892 sending message 112 to peer 0x138048000 (10 bytes)
1713018629.082898 sending message 112 to peer 0x138048000 (5 bytes)
1713018629.082905 sending message 112 to peer 0x138048000 (15 bytes)
1713018629.082913 sending message 104 to peer 0x138048000 (0 bytes)
1713018629.082920 sending message 110 to peer 0x138048000 (0 bytes)
1713018629.082927 sending message 107 to peer 0x138048000 (4 bytes)
1713018629.082933 sending message 105 to peer 0x138048000 (21 bytes)
1713018629.082939 sending message 105 to peer 0x138048000 (37 bytes)
1713018629.082946 sending message 105 to peer 0x138048000 (30 bytes)
1713018629.082952 sending message 105 to peer 0x138048000 (34 bytes)
1713018629.082958 sending message 105 to peer 0x138048000 (60 bytes)
1713018629.082965 sending message 105 to peer 0x138048000 (15 bytes)
1713018629.082971 sending message 105 to peer 0x138048000 (8 bytes)
1713018629.082977 sending message 105 to peer 0x138048000 (17 bytes)
1713018629.082983 sending message 105 to peer 0x138048000 (32 bytes)
1713018629.082990 sending message 105 to peer 0x138048000 (96 bytes)
1713018629.082996 sending message 105 to peer 0x138048000 (94 bytes)
1713018629.083002 sending message 105 to peer 0x138048000 (23 bytes)
1713018629.083009 sending message 105 to peer 0x138048000 (11 bytes)
1713018629.083015 sending message 105 to peer 0x138048000 (481 bytes)
1713018629.083022 sending message 105 to peer 0x138048000 (33 bytes)
1713018629.083028 sending message 105 to peer 0x138048000 (15 bytes)
1713018629.083035 sending message 105 to peer 0x138048000 (8 bytes)
1713018629.083041 sending message 105 to peer 0x138048000 (66 bytes)
1713018629.083047 sending message 105 to peer 0x138048000 (21 bytes)
1713018629.083053 sending message 105 to peer 0x138048000 (18 bytes)
1713018629.083060 sending message 105 to peer 0x138048000 (25 bytes)
1713018629.083066 sending message 105 to peer 0x138048000 (53 bytes)
1713018629.083073 sending message 105 to peer 0x138048000 (57 bytes)
1713018629.083079 sending message 105 to peer 0x138048000 (43 bytes)
1713018629.083087 sending message 105 to peer 0x138048000 (13 bytes)
1713018629.083106 sending message 105 to peer 0x138048000 (14 bytes)
1713018629.083112 sending message 105 to peer 0x138048000 (14 bytes)
1713018629.083118 sending message 105 to peer 0x138048000 (19 bytes)
1713018629.083125 sending message 105 to peer 0x138048000 (31 bytes)
1713018629.083131 sending message 105 to peer 0x138048000 (26 bytes)
1713018629.083137 sending message 105 to peer 0x138048000 (30 bytes)
1713018629.083144 sending message 105 to peer 0x138048000 (78 bytes)
1713018629.083150 sending message 105 to peer 0x138048000 (40 bytes)
1713018629.083156 sending message 105 to peer 0x138048000 (35 bytes)
1713018629.083163 sending message 105 to peer 0x138048000 (46 bytes)
1713018629.083169 sending message 105 to peer 0x138048000 (28 bytes)
1713018629.083176 sending message 105 to peer 0x138048000 (57 bytes)
1713018629.083184 sending message 105 to peer 0x138048000 (58 bytes)
1713018629.083191 sending message 105 to peer 0x138048000 (56 bytes)
1713018629.083197 sending message 105 to peer 0x138048000 (25 bytes)
1713018629.083203 sending message 106 to peer 0x138048000 (0 bytes)
1713018629.083274 sending message 200 to peer 0x138048000 (4 bytes)
1713018629.083283 client loop enter
1713018629.084456 peer 0x138048000 message 303
1713018629.084480 open write file 2 -
1713018629.084519 sending message 305 to peer 0x138048000 (8 bytes)
1713018629.084548 write check file 2
1713018629.084583 peer 0x138048000 message 304
1713018629.084597 write 58 to file 2
1713018629.084605 peer 0x138048000 message 203
1713018629.084613 file 2 58 bytes left
1713018629.084632 write check file 2
1713018629.084639 client loop exit
